<?xml version="1.0" encoding="UTF-8"?>
<!-- Generated by org.testng.reporters.JUnitReportReporter -->
<testsuite hostname="ULTP-478" name="login.ExtentReport" tests="12" failures="0" timestamp="30 May 2018 14:43:43 GMT" time="303.085" errors="1">
  <testcase name="openjobtobeannotatedtab" time="58.862" classname="login.ExtentReport"/>
  <testcase name="automatedjob" time="28.199" classname="login.ExtentReport"/>
  <testcase name="downloadtracker" time="22.209" classname="login.ExtentReport"/>
  <testcase name="openjobannotatedtab" time="31.187" classname="login.ExtentReport"/>
  <testcase name="manualjob" time="32.713" classname="login.ExtentReport"/>
  <testcase name="deletejob" time="24.282" classname="login.ExtentReport"/>
  <testcase name="pageTitleTest" time="9.683" classname="login.ExtentReport"/>
  <testcase name="trackjob" time="22.188" classname="login.ExtentReport"/>
  <testcase name="logoutTest" time="13.194" classname="login.ExtentReport"/>
  <testcase name="refreshjob" time="16.410" classname="login.ExtentReport"/>
  <testcase name="loginTest" time="10.536" classname="login.ExtentReport">
    <error type="org.testng.TestNGException" message="
Data Provider public java.lang.Object login.ExtentReport.getData() must return either Object[][] or Iterator&lt;Object&gt;[], not class java.lang.Object">
      <![CDATA[org.testng.TestNGException: 
Data Provider public java.lang.Object login.ExtentReport.getData() must return either Object[][] or Iterator<Object>[], not class java.lang.Object
	at org.testng.internal.MethodInvocationHelper.invokeDataProvider(MethodInvocationHelper.java:157)
	at org.testng.internal.Parameters.handleParameters(Parameters.java:430)
	at org.testng.internal.Invoker.handleParameters(Invoker.java:1274)
	at org.testng.internal.Invoker.createParameters(Invoker.java:989)
	at org.testng.internal.Invoker.invokeTestMethods(Invoker.java:1079)
	at org.testng.internal.TestMethodWorker.invokeTestMethods(TestMethodWorker.java:129)
	at org.testng.internal.TestMethodWorker.run(TestMethodWorker.java:112)
	at org.testng.TestRunner.privateRun(TestRunner.java:782)
	at org.testng.TestRunner.run(TestRunner.java:632)
	at org.testng.SuiteRunner.runTest(SuiteRunner.java:366)
	at org.testng.SuiteRunner.runSequentially(SuiteRunner.java:361)
	at org.testng.SuiteRunner.privateRun(SuiteRunner.java:319)
	at org.testng.SuiteRunner.run(SuiteRunner.java:268)
	at org.testng.SuiteRunnerWorker.runSuite(SuiteRunnerWorker.java:52)
	at org.testng.SuiteRunnerWorker.run(SuiteRunnerWorker.java:86)
	at org.testng.TestNG.runSuitesSequentially(TestNG.java:1244)
	at org.testng.TestNG.runSuitesLocally(TestNG.java:1169)
	at org.testng.TestNG.run(TestNG.java:1064)
	at org.testng.remote.AbstractRemoteTestNG.run(AbstractRemoteTestNG.java:114)
	at org.testng.remote.RemoteTestNG.initAndRun(RemoteTestNG.java:251)
	at org.testng.remote.RemoteTestNG.main(RemoteTestNG.java:77)
]]>
    </error>
  </testcase> <!-- loginTest -->
  <testcase name="ProcessJob" time="33.622" classname="login.ExtentReport"/>
</testsuite> <!-- login.ExtentReport -->
