<?xml version="1.0" encoding="UTF-8"?>
<!-- Generated by org.testng.reporters.JUnitReportReporter -->
<testsuite hostname="ULTP-478" name="login.LatestJD" tests="1" failures="0" timestamp="4 Apr 2018 13:05:22 GMT" time="28.847" errors="0">
  <testcase name="processJd" time="28.847" classname="login.LatestJD"/>
</testsuite> <!-- login.LatestJD -->
